#
# There is insufficient memory for the Java Runtime Environment to continue.
# Native memory allocation (malloc) failed to allocate 1048576 bytes for AllocateHeap
# Possible reasons:
#   The system is out of physical RAM or swap space
#   The process is running with CompressedOops enabled, and the Java Heap may be blocking the growth of the native heap
# Possible solutions:
#   Reduce memory load on the system
#   Increase physical memory or swap space
#   Check if swap backing store is full
#   Decrease Java heap size (-Xmx/-Xms)
#   Decrease number of Java threads
#   Decrease Java thread stack sizes (-Xss)
#   Set larger code cache with -XX:ReservedCodeCacheSize=
#   JVM is running with Unscaled Compressed Oops mode in which the Java heap is
#     placed in the first 4GB address space. The Java Heap base address is the
#     maximum limit for the native heap growth. Please use -XX:HeapBaseMinAddress
#     to set the Java Heap base and to place the Java Heap above 4GB virtual address.
# This output file may be truncated or incomplete.
#
#  Out of Memory Error (memory/allocation.inline.hpp:61), pid=1600, tid=0x0000000000005b04
#
# JRE version:  (8.0_242-b08) (build )
# Java VM: OpenJDK 64-Bit Server VM (25.242-b08 mixed mode windows-amd64 compressed oops)
# Failed to write core dump. Minidumps are not enabled by default on client versions of Windows
#

---------------  T H R E A D  ---------------

Current thread (0x0000000002997800):  JavaThread "Unknown thread" [_thread_in_vm, id=23300, stack(0x0000000002850000,0x0000000002950000)]

Stack: [0x0000000002850000,0x0000000002950000]
[error occurred during error reporting (printing stack bounds), id 0xc0000005]

Native frames: (J=compiled Java code, j=interpreted, Vv=VM code, C=native code)


---------------  P R O C E S S  ---------------

Java Threads: ( => current thread )

Other Threads:

=>0x0000000002997800 (exited) JavaThread "Unknown thread" [_thread_in_vm, id=23300, stack(0x0000000002850000,0x0000000002950000)]

VM state:not at safepoint (normal execution)

VM Mutex/Monitor currently owned by a thread: None

heap address: 0x0000000083200000, size: 1998 MB, Compressed Oops mode: 32-bit
Narrow klass base: 0x0000000000000000, Narrow klass shift: 3
Compressed class space size: 1073741824 Address: 0x0000000100000000

Heap:
 PSYoungGen      total 37888K, used 655K [0x00000000d6600000, 0x00000000d9000000, 0x0000000100000000)
  eden space 32768K, 2% used [0x00000000d6600000,0x00000000d66a3d80,0x00000000d8600000)
  from space 5120K, 0% used [0x00000000d8b00000,0x00000000d8b00000,0x00000000d9000000)
  to   space 5120K, 0% used [0x00000000d8600000,0x00000000d8600000,0x00000000d8b00000)
 ParOldGen       total 86016K, used 0K [0x0000000083200000, 0x0000000088600000, 0x00000000d6600000)
  object space 86016K, 0% used [0x0000000083200000,0x0000000083200000,0x0000000088600000)
 Metaspace       used 874K, capacity 4480K, committed 4480K, reserved 1056768K
  class space    used 74K, capacity 384K, committed 384K, reserved 1048576K

Card table byte_map: [0x0000000011e10000,0x0000000012200000] byte_map_base: 0x00000000119f7000

Marking Bits: (ParMarkBitMap*) 0x0000000077711f30
 Begin Bits: [0x0000000012ca0000, 0x0000000014bd8000)
 End Bits:   [0x0000000014bd8000, 0x0000000016b10000)

Polling page: 0x0000000001000000

CodeCache: size=245760Kb used=328Kb max_used=328Kb free=245431Kb
 bounds [0x0000000002a50000, 0x0000000002cc0000, 0x0000000011a50000]
 total_blobs=57 nmethods=0 adapters=38
 compilation: enabled

Compilation events (0 events):
No events

GC Heap History (0 events):
No events

Deoptimization events (0 events):
No events

Classes redefined (0 events):
No events

Internal exceptions (0 events):
No events

Events (216 events):
Event: 0.007 loading class java/lang/Object
Event: 0.010 loading class java/lang/Object done
Event: 0.010 loading class java/lang/String
Event: 0.010 loading class java/io/Serializable
Event: 0.010 loading class java/io/Serializable done
Event: 0.010 loading class java/lang/Comparable
Event: 0.010 loading class java/lang/Comparable done
Event: 0.010 loading class java/lang/CharSequence
Event: 0.010 loading class java/lang/CharSequence done
Event: 0.010 loading class java/lang/String done
Event: 0.010 loading class java/lang/Class
Event: 0.010 loading class java/lang/reflect/GenericDeclaration
Event: 0.010 loading class java/lang/reflect/AnnotatedElement
Event: 0.010 loading class java/lang/reflect/AnnotatedElement done
Event: 0.010 loading class java/lang/reflect/GenericDeclaration done
Event: 0.010 loading class java/lang/reflect/Type
Event: 0.010 loading class java/lang/reflect/Type done
Event: 0.011 loading class java/lang/Class done
Event: 0.011 loading class java/lang/Cloneable
Event: 0.011 loading class java/lang/Cloneable done
Event: 0.011 loading class java/lang/ClassLoader
Event: 0.011 loading class java/lang/ClassLoader done
Event: 0.011 loading class java/lang/System
Event: 0.011 loading class java/lang/System done
Event: 0.011 loading class java/lang/Throwable
Event: 0.011 loading class java/lang/Throwable done
Event: 0.011 loading class java/lang/Error
Event: 0.011 loading class java/lang/Error done
Event: 0.011 loading class java/lang/ThreadDeath
Event: 0.011 loading class java/lang/ThreadDeath done
Event: 0.011 loading class java/lang/Exception
Event: 0.011 loading class java/lang/Exception done
Event: 0.011 loading class java/lang/RuntimeException
Event: 0.011 loading class java/lang/RuntimeException done
Event: 0.011 loading class java/lang/SecurityManager
Event: 0.011 loading class java/lang/SecurityManager done
Event: 0.011 loading class java/security/ProtectionDomain
Event: 0.011 loading class java/security/ProtectionDomain done
Event: 0.011 loading class java/security/AccessControlContext
Event: 0.011 loading class java/security/AccessControlContext done
Event: 0.011 loading class java/security/SecureClassLoader
Event: 0.012 loading class java/security/SecureClassLoader done
Event: 0.012 loading class java/lang/ClassNotFoundException
Event: 0.012 loading class java/lang/ReflectiveOperationException
Event: 0.012 loading class java/lang/ReflectiveOperationException done
Event: 0.012 loading class java/lang/ClassNotFoundException done
Event: 0.012 loading class java/lang/NoClassDefFoundError
Event: 0.012 loading class java/lang/LinkageError
Event: 0.012 loading class java/lang/LinkageError done
Event: 0.012 loading class java/lang/NoClassDefFoundError done
Event: 0.012 loading class java/lang/ClassCastException
Event: 0.012 loading class java/lang/ClassCastException done
Event: 0.012 loading class java/lang/ArrayStoreException
Event: 0.012 loading class java/lang/ArrayStoreException done
Event: 0.012 loading class java/lang/VirtualMachineError
Event: 0.012 loading class java/lang/VirtualMachineError done
Event: 0.012 loading class java/lang/OutOfMemoryError
Event: 0.012 loading class java/lang/OutOfMemoryError done
Event: 0.012 loading class java/lang/StackOverflowError
Event: 0.012 loading class java/lang/StackOverflowError done
Event: 0.012 loading class java/lang/IllegalMonitorStateException
Event: 0.012 loading class java/lang/IllegalMonitorStateException done
Event: 0.012 loading class java/lang/ref/Reference
Event: 0.012 loading class java/lang/ref/Reference done
Event: 0.012 loading class java/lang/ref/SoftReference
Event: 0.012 loading class java/lang/ref/SoftReference done
Event: 0.012 loading class java/lang/ref/WeakReference
Event: 0.012 loading class java/lang/ref/WeakReference done
Event: 0.012 loading class java/lang/ref/FinalReference
Event: 0.012 loading class java/lang/ref/FinalReference done
Event: 0.012 loading class java/lang/ref/PhantomReference
Event: 0.012 loading class java/lang/ref/PhantomReference done
Event: 0.012 loading class sun/misc/Cleaner
Event: 0.012 loading class sun/misc/Cleaner done
Event: 0.012 loading class java/lang/ref/Finalizer
Event: 0.012 loading class java/lang/ref/Finalizer done
Event: 0.012 loading class java/lang/ref/ReferenceQueue
Event: 0.012 loading class java/lang/ref/ReferenceQueue done
Event: 0.012 loading class java/lang/Thread
Event: 0.012 loading class java/lang/Runnable
Event: 0.012 loading class java/lang/Runnable done
Event: 0.012 loading class java/lang/Thread done
Event: 0.012 loading class java/lang/ThreadGroup
Event: 0.012 loading class java/lang/Thread$UncaughtExceptionHandler
Event: 0.012 loading class java/lang/Thread$UncaughtExceptionHandler done
Event: 0.012 loading class java/lang/ThreadGroup done
Event: 0.012 loading class java/util/Properties
Event: 0.012 loading class java/util/Hashtable
Event: 0.012 loading class java/util/Map
Event: 0.013 loading class java/util/Map done
Event: 0.013 loading class java/util/Dictionary
Event: 0.013 loading class java/util/Dictionary done
Event: 0.013 loading class java/util/Hashtable done
Event: 0.013 loading class java/util/Properties done
Event: 0.013 loading class java/lang/reflect/AccessibleObject
Event: 0.013 loading class java/lang/reflect/AccessibleObject done
Event: 0.013 loading class java/lang/reflect/Field
Event: 0.013 loading class java/lang/reflect/Member
Event: 0.013 loading class java/lang/reflect/Member done
Event: 0.013 loading class java/lang/reflect/Field done
Event: 0.013 loading class java/lang/reflect/Parameter
Event: 0.013 loading class java/lang/reflect/Parameter done
Event: 0.013 loading class java/lang/reflect/Method
Event: 0.013 loading class java/lang/reflect/Executable
Event: 0.013 loading class java/lang/reflect/Executable done
Event: 0.013 loading class java/lang/reflect/Method done
Event: 0.013 loading class java/lang/reflect/Constructor
Event: 0.013 loading class java/lang/reflect/Constructor done
Event: 0.013 loading class sun/reflect/MagicAccessorImpl
Event: 0.013 loading class sun/reflect/MagicAccessorImpl done
Event: 0.013 loading class sun/reflect/MethodAccessorImpl
Event: 0.013 loading class sun/reflect/MethodAccessor
Event: 0.013 loading class sun/reflect/MethodAccessor done
Event: 0.013 loading class sun/reflect/MethodAccessorImpl done
Event: 0.013 loading class sun/reflect/ConstructorAccessorImpl
Event: 0.013 loading class sun/reflect/ConstructorAccessor
Event: 0.013 loading class sun/reflect/ConstructorAccessor done
Event: 0.013 loading class sun/reflect/ConstructorAccessorImpl done
Event: 0.013 loading class sun/reflect/DelegatingClassLoader
Event: 0.013 loading class sun/reflect/DelegatingClassLoader done
Event: 0.013 loading class sun/reflect/ConstantPool
Event: 0.013 loading class sun/reflect/ConstantPool done
Event: 0.013 loading class sun/reflect/UnsafeStaticFieldAccessorImpl
Event: 0.013 loading class sun/reflect/UnsafeFieldAccessorImpl
Event: 0.014 loading class sun/reflect/FieldAccessorImpl
Event: 0.014 loading class sun/reflect/FieldAccessor
Event: 0.014 loading class sun/reflect/FieldAccessor done
Event: 0.014 loading class sun/reflect/FieldAccessorImpl done
Event: 0.014 loading class sun/reflect/UnsafeFieldAccessorImpl done
Event: 0.014 loading class sun/reflect/UnsafeStaticFieldAccessorImpl done
Event: 0.014 loading class sun/reflect/CallerSensitive
Event: 0.014 loading class java/lang/annotation/Annotation
Event: 0.014 loading class java/lang/annotation/Annotation done
Event: 0.014 loading class sun/reflect/CallerSensitive done
Event: 0.014 loading class java/lang/invoke/DirectMethodHandle
Event: 0.014 loading class java/lang/invoke/MethodHandle
Event: 0.014 loading class java/lang/invoke/MethodHandle done
Event: 0.014 loading class java/lang/invoke/DirectMethodHandle done
Event: 0.014 loading class java/lang/invoke/MemberName
Event: 0.014 loading class java/lang/invoke/MemberName done
Event: 0.014 loading class java/lang/invoke/MethodHandleNatives
Event: 0.014 loading class java/lang/invoke/MethodHandleNatives done
Event: 0.014 loading class java/lang/invoke/LambdaForm
Event: 0.014 loading class java/lang/invoke/LambdaForm done
Event: 0.014 loading class java/lang/invoke/MethodType
Event: 0.015 loading class java/lang/invoke/MethodType done
Event: 0.015 loading class java/lang/BootstrapMethodError
Event: 0.015 loading class java/lang/BootstrapMethodError done
Event: 0.015 loading class java/lang/invoke/CallSite
Event: 0.015 loading class java/lang/invoke/CallSite done
Event: 0.015 loading class java/lang/invoke/ConstantCallSite
Event: 0.015 loading class java/lang/invoke/ConstantCallSite done
Event: 0.015 loading class java/lang/invoke/MutableCallSite
Event: 0.015 loading class java/lang/invoke/MutableCallSite done
Event: 0.015 loading class java/lang/invoke/VolatileCallSite
Event: 0.015 loading class java/lang/invoke/VolatileCallSite done
Event: 0.015 loading class java/lang/StringBuffer
Event: 0.015 loading class java/lang/AbstractStringBuilder
Event: 0.015 loading class java/lang/Appendable
Event: 0.015 loading class java/lang/Appendable done
Event: 0.015 loading class java/lang/AbstractStringBuilder done
Event: 0.015 loading class java/lang/StringBuffer done
Event: 0.015 loading class java/lang/StringBuilder
Event: 0.015 loading class java/lang/StringBuilder done
Event: 0.015 loading class sun/misc/Unsafe
Event: 0.015 loading class sun/misc/Unsafe done
Event: 0.015 loading class java/io/ByteArrayInputStream
Event: 0.015 loading class java/io/InputStream
Event: 0.015 loading class java/io/Closeable
Event: 0.015 loading class java/lang/AutoCloseable
Event: 0.015 loading class java/lang/AutoCloseable done
Event: 0.015 loading class java/io/Closeable done
Event: 0.015 loading class java/io/InputStream done
Event: 0.015 loading class java/io/ByteArrayInputStream done
Event: 0.015 loading class java/io/File
Event: 0.016 loading class java/io/File done
Event: 0.016 loading class java/net/URLClassLoader
Event: 0.016 loading class java/net/URLClassLoader done
Event: 0.016 loading class java/net/URL
Event: 0.016 loading class java/net/URL done
Event: 0.016 loading class java/util/jar/Manifest
Event: 0.016 loading class java/util/jar/Manifest done
Event: 0.016 loading class sun/misc/Launcher
Event: 0.016 loading class sun/misc/Launcher done
Event: 0.016 loading class sun/misc/Launcher$AppClassLoader
Event: 0.016 loading class sun/misc/Launcher$AppClassLoader done
Event: 0.016 loading class sun/misc/Launcher$ExtClassLoader
Event: 0.016 loading class sun/misc/Launcher$ExtClassLoader done
Event: 0.016 loading class java/security/CodeSource
Event: 0.016 loading class java/security/CodeSource done
Event: 0.016 loading class java/lang/StackTraceElement
Event: 0.016 loading class java/lang/StackTraceElement done
Event: 0.016 loading class java/nio/Buffer
Event: 0.016 loading class java/nio/Buffer done
Event: 0.016 loading class java/lang/Boolean
Event: 0.016 loading class java/lang/Boolean done
Event: 0.016 loading class java/lang/Character
Event: 0.016 loading class java/lang/Character done
Event: 0.016 loading class java/lang/Float
Event: 0.016 loading class java/lang/Number
Event: 0.017 loading class java/lang/Number done
Event: 0.017 loading class java/lang/Float done
Event: 0.017 loading class java/lang/Double
Event: 0.017 loading class java/lang/Double done
Event: 0.017 loading class java/lang/Byte
Event: 0.017 loading class java/lang/Byte done
Event: 0.017 loading class java/lang/Short
Event: 0.017 loading class java/lang/Short done
Event: 0.017 loading class java/lang/Integer
Event: 0.017 loading class java/lang/Integer done
Event: 0.017 loading class java/lang/Long
Event: 0.017 loading class java/lang/Long done
Event: 0.017 loading class java/lang/NullPointerException
Event: 0.017 loading class java/lang/NullPointerException done
Event: 0.017 loading class java/lang/ArithmeticException
Event: 0.017 loading class java/lang/ArithmeticException done


Dynamic libraries:
0x00007ff7ce340000 - 0x00007ff7ce3cb000 	C:\Program Files\RedHat\java-1.8.0-openjdk-1.8.0.242-3\bin\java.exe
0x00007ff91deb0000 - 0x00007ff91e0a5000 	C:\WINDOWS\SYSTEM32\ntdll.dll
0x00007ff8f2da0000 - 0x00007ff8f2db3000 	C:\Program Files\AVAST Software\Avast\aswhook.dll
0x00007ff91ce50000 - 0x00007ff91cf0d000 	C:\WINDOWS\System32\KERNEL32.DLL
0x00007ff91bb50000 - 0x00007ff91be18000 	C:\WINDOWS\System32\KERNELBASE.dll
0x00007ff91d6c0000 - 0x00007ff91d76c000 	C:\WINDOWS\System32\ADVAPI32.dll
0x00007ff91dc60000 - 0x00007ff91dcfe000 	C:\WINDOWS\System32\msvcrt.dll
0x00007ff91ddd0000 - 0x00007ff91de6b000 	C:\WINDOWS\System32\sechost.dll
0x00007ff91ca00000 - 0x00007ff91cb2b000 	C:\WINDOWS\System32\RPCRT4.dll
0x00007ff91c660000 - 0x00007ff91c800000 	C:\WINDOWS\System32\USER32.dll
0x00007ff91b720000 - 0x00007ff91b742000 	C:\WINDOWS\System32\win32u.dll
0x00007ff91ce20000 - 0x00007ff91ce4a000 	C:\WINDOWS\System32\GDI32.dll
0x00007ff91ba40000 - 0x00007ff91bb4b000 	C:\WINDOWS\System32\gdi32full.dll
0x00007ff91b620000 - 0x00007ff91b6bd000 	C:\WINDOWS\System32\msvcp_win.dll
0x00007ff91be20000 - 0x00007ff91bf20000 	C:\WINDOWS\System32\ucrtbase.dll
0x00007ff904cf0000 - 0x00007ff904f8a000 	C:\WINDOWS\WinSxS\amd64_microsoft.windows.common-controls_6595b64144ccf1df_6.0.19041.1052_none_60b8f8fd71f5e8cb\COMCTL32.dll
0x00007ff91dd90000 - 0x00007ff91ddc0000 	C:\WINDOWS\System32\IMM32.DLL
0x0000000050790000 - 0x0000000050862000 	C:\Program Files\RedHat\java-1.8.0-openjdk-1.8.0.242-3\jre\bin\msvcr100.dll
0x0000000076ed0000 - 0x0000000077795000 	C:\Program Files\RedHat\java-1.8.0-openjdk-1.8.0.242-3\jre\bin\server\jvm.dll
0x00007ff91cc00000 - 0x00007ff91cc08000 	C:\WINDOWS\System32\PSAPI.DLL
0x00007ff903a90000 - 0x00007ff903a99000 	C:\WINDOWS\SYSTEM32\WSOCK32.dll
0x00007ff918a20000 - 0x00007ff918a47000 	C:\WINDOWS\SYSTEM32\WINMM.dll
0x00007ff9130f0000 - 0x00007ff9130fa000 	C:\WINDOWS\SYSTEM32\VERSION.dll
0x00007ff91d1e0000 - 0x00007ff91d24b000 	C:\WINDOWS\System32\WS2_32.dll
0x00007ff9158b0000 - 0x00007ff9158bf000 	C:\Program Files\RedHat\java-1.8.0-openjdk-1.8.0.242-3\jre\bin\verify.dll
0x00007ff914f10000 - 0x00007ff914f39000 	C:\Program Files\RedHat\java-1.8.0-openjdk-1.8.0.242-3\jre\bin\java.dll
0x00007ff9135b0000 - 0x00007ff9135c6000 	C:\Program Files\RedHat\java-1.8.0-openjdk-1.8.0.242-3\jre\bin\zip.dll

VM Arguments:
jvm_args: -Dfile.encoding=windows-1252 -Duser.country=GB -Duser.language=en -Duser.variant 
java_command: com.example.pantathlon_scores_calculation.PantathlonScoresCalculationApplication
java_class_path (initial): C:\Users\Donatas\Desktop\Programming stuff\pentathlon_scores_calculations\pantathlon_scores_calculation\build\classes\java\main;C:\Users\Donatas\Desktop\Programming stuff\pentathlon_scores_calculations\pantathlon_scores_calculation\build\resources\main;C:\Users\Donatas\.gradle\caches\modules-2\files-2.1\org.springframework.boot\spring-boot-starter-data-jpa\2.5.1\ac73786ba90eff0050cd0dce778a025a83a6fe87\spring-boot-starter-data-jpa-2.5.1.jar;C:\Users\Donatas\.gradle\caches\modules-2\files-2.1\org.springframework.boot\spring-boot-starter-web\2.5.1\21cb018c0ac46be930e83ad4231550892e2002ac\spring-boot-starter-web-2.5.1.jar;C:\Users\Donatas\.gradle\caches\modules-2\files-2.1\com.h2database\h2\1.4.200\f7533fe7cb8e99c87a43d325a77b4b678ad9031a\h2-1.4.200.jar;C:\Users\Donatas\.gradle\caches\modules-2\files-2.1\org.springframework.boot\spring-boot-starter-aop\2.5.1\44d475a5c3173610effbc4ad771ba3eb0482b6b9\spring-boot-starter-aop-2.5.1.jar;C:\Users\Donatas\.gradle\caches\modules-2\files-2.1\org.springframework.boot\spring-boot-starter-jdbc\2.5.1\1f16392590e8f4204fe8987d006e423b0ce0889e\spring-boot-starter-jdbc-2.5.1.jar;C:\Users\Donatas\.gradle\caches\modules-2\files-2.1\jakarta.transaction\jakarta.transaction-api\1.3.3\c4179d48720a1e87202115fbed6089bdc4195405\jakarta.transaction-api-1.3.3.jar;C:\Users\Donatas\.gradle\caches\modules-2\files-2.1\jakarta.persistence\jakarta.persistence-api\2.2.3\8f6ea5daedc614f07a3654a455660145286f024e\jakarta.persistence-api-2.2.3.jar;C:\Users\Donatas\.gradle\caches\modules-2\files-2.1\org.hibernate\hibernate-core\5.4.32.Final\99a5e10bf455337014c190e141ec631e9ff71663\hibernate-core-5.4.32.Final.jar;C:\Users\Donatas\.gradle\caches\modules-2\files-2.1\org.springframework.data\spring-data-jpa\2.5.1\881f7ae140f424b3bdb1b0c27a61b93e0bee9fa5\spring-data-jpa-2.5.1.jar;C:\Users\Donatas\.gradle\caches\modules-2\files-2.1\org.springframework\spring-aspects\5.3.8\863f531cc3ea9d82d391d17c8eb33732e7a864b6\spring-aspects-5.3.8.ja
Launcher Type: SUN_STANDARD

Environment Variables:
PATH=C:\Program Files\Common Files\Oracle\Java\javapath;C:\Program Files (x86)\Common Files\Oracle\Java\javapath;C:\Program Files (x86)\Common Files\Intel\Shared Files\cpp\bin\Intel64;C:\Windows\system32;C:\Windows;C:\Windows\System32\Wbem;C:\Windows\System32\WindowsPowerShell\v1.0\;C:\Windows\System32\OpenSSH\;C:\Program Files (x86)\NVIDIA Corporation\PhysX\Common;C:\WINDOWS\system32;C:\WINDOWS;C:\WINDOWS\System32\Wbem;C:\WINDOWS\System32\WindowsPowerShell\v1.0\;C:\WINDOWS\System32\OpenSSH\;C:\Program Files\RedHat\java-1.8.0-openjdk-1.8.0.242-3\bin;C:\Program Files\RedHat\java-1.8.0-openjdk-1.8.0.242-3\jre\bin;C:\Program Files\Git\cmd;C:\Program Files (x86)\Brackets\command;C:\Program Files\nodejs\;C:\Program Files\dotnet\;C:\Users\Donatas\AppData\Local\Microsoft\WindowsApps;C:\Users\Donatas\AppData\Local\Programs\Microsoft VS Code\bin;C:\Users\Donatas\AppData\Local\GitHubDesktop\bin;C:\Users\Donatas\AppData\Roaming\npm;C:\Users\Donatas\AppData\Local\Microsoft\WindowsApps;C:\Users\Donatas\.dotnet\tools;C:\Users\Donatas\Desktop\Maven\apache-maven-3.6.3\bin;
USERNAME=Donatas
OS=Windows_NT
PROCESSOR_IDENTIFIER=Intel64 Family 6 Model 158 Stepping 10, GenuineIntel



---------------  S Y S T E M  ---------------

OS: Windows 10.0 , 64 bit Build 19041 (10.0.19041.1023)

CPU:total 8 (initial active 8) (4 cores per cpu, 2 threads per core) family 6 model 158 stepping 10, cmov, cx8, fxsr, mmx, sse, sse2, sse3, ssse3, sse4.1, sse4.2, popcnt, avx, avx2, aes, clmul, erms, 3dnowpref, lzcnt, ht, tsc, tscinvbit, bmi1, bmi2, adx

Memory: 4k page, physical 8178464k(688124k free), swap 23728924k(6212k free)

vm_info: OpenJDK 64-Bit Server VM (25.242-b08) for windows-amd64 JRE (1.8.0_242-b08), built on Jan 18 2020 12:50:42 by "build" with MS VC++ 10.0 (VS2010)

time: Fri Jun 25 19:27:30 2021
timezone: FLE Summer Time
elapsed time: 0 seconds (0d 0h 0m 0s)

